# JRE version: OpenJDK Runtime Environment (19.0.2+7) (build 19.0.2+7-44)
# Java VM: OpenJDK 64-Bit Server VM (19.0.2+7-44, mixed mode, sharing, tiered, compressed oops, compressed class ptrs, g1 gc, windows-amd64)
GC Precious Log:
 CardTable entry size: 512
 Card Set container configuration: InlinePtr #cards 5 size 8 Array Of Cards #cards 12 size 40 Howl #buckets 4 coarsen threshold 1843 Howl Bitmap #cards 512 size 80 coarsen threshold 460 Card regions per heap region 1 cards per card region 2048
 CPUs: 8 total, 8 available
 Memory: 7893M
 Large Page Support: Disabled
 NUMA Support: Disabled
 Compressed Oops: Enabled (32-bit)
 Heap Region Size: 1M
 Heap Min Capacity: 8M
 Heap Initial Capacity: 124M
 Heap Max Capacity: 1974M
 Pre-touch: Disabled
 Parallel Workers: 8
 Concurrent Workers: 2
 Concurrent Refinement Workers: 8
 Periodic GC: Disabled
Heap:
 garbage-first heap   total 436224K, used 204800K [0x0000000084a00000, 0x0000000100000000)
  region size 1024K, 70 young (71680K), 2 survivors (2048K)
 Metaspace       used 6870K, committed 7168K, reserved 1114112K
  class space    used 326K, committed 448K, reserved 1048576K
GC Heap History (14 events):
Event: 0.792 GC heap before
{Heap before GC invocations=0 (full 0):
 garbage-first heap   total 126976K, used 22528K [0x0000000084a00000, 0x0000000100000000)
  region size 1024K, 23 young (23552K), 0 survivors (0K)
 Metaspace       used 6210K, committed 6336K, reserved 1114112K
  class space    used 301K, committed 384K, reserved 1048576K
}
Event: 0.799 GC heap after
{Heap after GC invocations=1 (full 0):
 garbage-first heap   total 126976K, used 4064K [0x0000000084a00000, 0x0000000100000000)
  region size 1024K, 3 young (3072K), 3 survivors (3072K)
 Metaspace       used 6210K, committed 6336K, reserved 1114112K
  class space    used 301K, committed 384K, reserved 1048576K
}
Event: 1.097 GC heap before
{Heap before GC invocations=1 (full 0):
 garbage-first heap   total 126976K, used 34784K [0x0000000084a00000, 0x0000000100000000)
  region size 1024K, 34 young (34816K), 3 survivors (3072K)
 Metaspace       used 6239K, committed 6400K, reserved 1114112K
  class space    used 301K, committed 384K, reserved 1048576K
}
Event: 1.103 GC heap after
{Heap after GC invocations=2 (full 0):
 garbage-first heap   total 126976K, used 7360K [0x0000000084a00000, 0x0000000100000000)
  region size 1024K, 4 young (4096K), 4 survivors (4096K)
 Metaspace       used 6239K, committed 6400K, reserved 1114112K
  class space    used 301K, committed 384K, reserved 1048576K
}
Event: 1.577 GC heap before
{Heap before GC invocations=2 (full 0):
 garbage-first heap   total 126976K, used 122048K [0x0000000084a00000, 0x0000000100000000)
  region size 1024K, 67 young (68608K), 4 survivors (4096K)
 Metaspace       used 6522K, committed 6784K, reserved 1114112K
  class space    used 324K, committed 448K, reserved 1048576K
}
Event: 1.666 GC heap after
{Heap after GC invocations=3 (full 0):
 garbage-first heap   total 172032K, used 76943K [0x0000000084a00000, 0x0000000100000000)
  region size 1024K, 9 young (9216K), 9 survivors (9216K)
 Metaspace       used 6522K, committed 6784K, reserved 1114112K
  class space    used 324K, committed 448K, reserved 1048576K
}
Event: 1.781 GC heap before
{Heap before GC invocations=3 (full 0):
 garbage-first heap   total 172032K, used 98447K [0x0000000084a00000, 0x0000000100000000)
  region size 1024K, 23 young (23552K), 9 survivors (9216K)
 Metaspace       used 6525K, committed 6784K, reserved 1114112K
  class space    used 324K, committed 448K, reserved 1048576K
}
Event: 1.800 GC heap after
{Heap after GC invocations=4 (full 0):
 garbage-first heap   total 172032K, used 89600K [0x0000000084a00000, 0x0000000100000000)
  region size 1024K, 6 young (6144K), 6 survivors (6144K)
 Metaspace       used 6525K, committed 6784K, reserved 1114112K
  class space    used 324K, committed 448K, reserved 1048576K
}
Event: 1.929 GC heap before
{Heap before GC invocations=5 (full 0):
 garbage-first heap   total 172032K, used 138752K [0x0000000084a00000, 0x0000000100000000)
  region size 1024K, 36 young (36864K), 6 survivors (6144K)
 Metaspace       used 6525K, committed 6784K, reserved 1114112K
  class space    used 324K, committed 448K, reserved 1048576K
}
Event: 1.956 GC heap after
{Heap after GC invocations=6 (full 0):
 garbage-first heap   total 172032K, used 120320K [0x0000000084a00000, 0x0000000100000000)
  region size 1024K, 5 young (5120K), 5 survivors (5120K)
 Metaspace       used 6525K, committed 6784K, reserved 1114112K
  class space    used 324K, committed 448K, reserved 1048576K
}
Event: 1.976 GC heap before
{Heap before GC invocations=6 (full 0):
 garbage-first heap   total 172032K, used 126464K [0x0000000084a00000, 0x0000000100000000)
  region size 1024K, 8 young (8192K), 5 survivors (5120K)
 Metaspace       used 6525K, committed 6784K, reserved 1114112K
  class space    used 324K, committed 448K, reserved 1048576K
}
Event: 1.987 GC heap after
{Heap after GC invocations=7 (full 0):
 garbage-first heap   total 172032K, used 123904K [0x0000000084a00000, 0x0000000100000000)
  region size 1024K, 1 young (1024K), 1 survivors (1024K)
 Metaspace       used 6525K, committed 6784K, reserved 1114112K
  class space    used 324K, committed 448K, reserved 1048576K
}
Event: 2.039 GC heap before
{Heap before GC invocations=7 (full 0):
 garbage-first heap   total 172032K, used 133120K [0x0000000084a00000, 0x0000000100000000)
  region size 1024K, 12 young (12288K), 1 survivors (1024K)
 Metaspace       used 6525K, committed 6784K, reserved 1114112K
  class space    used 324K, committed 448K, reserved 1048576K
}
Event: 2.043 GC heap after
{Heap after GC invocations=8 (full 0):
 garbage-first heap   total 436224K, used 128000K [0x0000000084a00000, 0x0000000100000000)
  region size 1024K, 2 young (2048K), 2 survivors (2048K)
 Metaspace       used 6525K, committed 6784K, reserved 1114112K
  class space    used 324K, committed 448K, reserved 1048576K
}

