# JRE version: OpenJDK Runtime Environment (19.0.2+7) (build 19.0.2+7-44)
# Java VM: OpenJDK 64-Bit Server VM (19.0.2+7-44, mixed mode, sharing, tiered, compressed oops, compressed class ptrs, g1 gc, windows-amd64)
GC Precious Log:
 CardTable entry size: 512
 Card Set container configuration: InlinePtr #cards 5 size 8 Array Of Cards #cards 12 size 40 Howl #buckets 4 coarsen threshold 1843 Howl Bitmap #cards 512 size 80 coarsen threshold 460 Card regions per heap region 1 cards per card region 2048
 CPUs: 8 total, 8 available
 Memory: 7893M
 Large Page Support: Disabled
 NUMA Support: Disabled
 Compressed Oops: Enabled (32-bit)
 Heap Region Size: 1M
 Heap Min Capacity: 8M
 Heap Initial Capacity: 124M
 Heap Max Capacity: 1974M
 Pre-touch: Disabled
 Parallel Workers: 8
 Concurrent Workers: 2
 Concurrent Refinement Workers: 8
 Periodic GC: Disabled
Heap:
 garbage-first heap   total 316416K, used 207360K [0x0000000084a00000, 0x0000000100000000)
  region size 1024K, 31 young (31744K), 1 survivors (1024K)
 Metaspace       used 7245K, committed 7488K, reserved 1114112K
  class space    used 326K, committed 448K, reserved 1048576K
GC Heap History (20 events):
Event: 1.789 GC heap before
{Heap before GC invocations=2 (full 0):
 garbage-first heap   total 126976K, used 107493K [0x0000000084a00000, 0x0000000100000000)
  region size 1024K, 58 young (59392K), 5 survivors (5120K)
 Metaspace       used 6527K, committed 6784K, reserved 1114112K
  class space    used 324K, committed 448K, reserved 1048576K
}
Event: 1.979 GC heap after
{Heap after GC invocations=3 (full 0):
 garbage-first heap   total 161792K, used 89689K [0x0000000084a00000, 0x0000000100000000)
  region size 1024K, 8 young (8192K), 8 survivors (8192K)
 Metaspace       used 6527K, committed 6784K, reserved 1114112K
  class space    used 324K, committed 448K, reserved 1048576K
}
Event: 2.341 GC heap before
{Heap before GC invocations=4 (full 0):
 garbage-first heap   total 161792K, used 115289K [0x0000000084a00000, 0x0000000100000000)
  region size 1024K, 30 young (30720K), 8 survivors (8192K)
 Metaspace       used 6529K, committed 6784K, reserved 1114112K
  class space    used 324K, committed 448K, reserved 1048576K
}
Event: 2.373 GC heap after
{Heap after GC invocations=5 (full 0):
 garbage-first heap   total 161792K, used 88064K [0x0000000084a00000, 0x0000000100000000)
  region size 1024K, 4 young (4096K), 4 survivors (4096K)
 Metaspace       used 6529K, committed 6784K, reserved 1114112K
  class space    used 324K, committed 448K, reserved 1048576K
}
Event: 2.432 GC heap before
{Heap before GC invocations=5 (full 0):
 garbage-first heap   total 161792K, used 96256K [0x0000000084a00000, 0x0000000100000000)
  region size 1024K, 7 young (7168K), 4 survivors (4096K)
 Metaspace       used 6529K, committed 6784K, reserved 1114112K
  class space    used 324K, committed 448K, reserved 1048576K
}
Event: 2.443 GC heap after
{Heap after GC invocations=6 (full 0):
 garbage-first heap   total 161792K, used 92672K [0x0000000084a00000, 0x0000000100000000)
  region size 1024K, 1 young (1024K), 1 survivors (1024K)
 Metaspace       used 6529K, committed 6784K, reserved 1114112K
  class space    used 324K, committed 448K, reserved 1048576K
}
Event: 2.571 GC heap before
{Heap before GC invocations=6 (full 0):
 garbage-first heap   total 161792K, used 100864K [0x0000000084a00000, 0x0000000100000000)
  region size 1024K, 11 young (11264K), 1 survivors (1024K)
 Metaspace       used 6531K, committed 6784K, reserved 1114112K
  class space    used 324K, committed 448K, reserved 1048576K
}
Event: 2.578 GC heap after
{Heap after GC invocations=7 (full 0):
 garbage-first heap   total 161792K, used 96256K [0x0000000084a00000, 0x0000000100000000)
  region size 1024K, 3 young (3072K), 3 survivors (3072K)
 Metaspace       used 6531K, committed 6784K, reserved 1114112K
  class space    used 324K, committed 448K, reserved 1048576K
}
Event: 2.990 GC heap before
{Heap before GC invocations=8 (full 0):
 garbage-first heap   total 171008K, used 123904K [0x0000000084a00000, 0x0000000100000000)
  region size 1024K, 24 young (24576K), 3 survivors (3072K)
 Metaspace       used 6551K, committed 6784K, reserved 1114112K
  class space    used 325K, committed 448K, reserved 1048576K
}
Event: 3.000 GC heap after
{Heap after GC invocations=9 (full 0):
 garbage-first heap   total 171008K, used 110067K [0x0000000084a00000, 0x0000000100000000)
  region size 1024K, 3 young (3072K), 3 survivors (3072K)
 Metaspace       used 6551K, committed 6784K, reserved 1114112K
  class space    used 325K, committed 448K, reserved 1048576K
}
Event: 3.056 GC heap before
{Heap before GC invocations=9 (full 0):
 garbage-first heap   total 171008K, used 120307K [0x0000000084a00000, 0x0000000100000000)
  region size 1024K, 8 young (8192K), 3 survivors (3072K)
 Metaspace       used 6553K, committed 6784K, reserved 1114112K
  class space    used 325K, committed 448K, reserved 1048576K
}
Event: 3.063 GC heap after
{Heap after GC invocations=10 (full 0):
 garbage-first heap   total 316416K, used 114688K [0x0000000084a00000, 0x0000000100000000)
  region size 1024K, 1 young (1024K), 1 survivors (1024K)
 Metaspace       used 6553K, committed 6784K, reserved 1114112K
  class space    used 325K, committed 448K, reserved 1048576K
}
Event: 3.152 GC heap before
{Heap before GC invocations=10 (full 0):
 garbage-first heap   total 316416K, used 163840K [0x0000000084a00000, 0x0000000100000000)
  region size 1024K, 32 young (32768K), 1 survivors (1024K)
 Metaspace       used 6553K, committed 6784K, reserved 1114112K
  class space    used 325K, committed 448K, reserved 1048576K
}
Event: 3.179 GC heap after
{Heap after GC invocations=11 (full 0):
 garbage-first heap   total 316416K, used 159415K [0x0000000084a00000, 0x0000000100000000)
  region size 1024K, 9 young (9216K), 9 survivors (9216K)
 Metaspace       used 6553K, committed 6784K, reserved 1114112K
  class space    used 325K, committed 448K, reserved 1048576K
}
Event: 3.542 GC heap before
{Heap before GC invocations=12 (full 0):
 garbage-first heap   total 316416K, used 225975K [0x0000000084a00000, 0x0000000100000000)
  region size 1024K, 53 young (54272K), 9 survivors (9216K)
 Metaspace       used 6561K, committed 6784K, reserved 1114112K
  class space    used 325K, committed 448K, reserved 1048576K
}
Event: 3.562 GC heap after
{Heap after GC invocations=13 (full 0):
 garbage-first heap   total 316416K, used 175978K [0x0000000084a00000, 0x0000000100000000)
  region size 1024K, 7 young (7168K), 7 survivors (7168K)
 Metaspace       used 6561K, committed 6784K, reserved 1114112K
  class space    used 325K, committed 448K, reserved 1048576K
}
Event: 3.638 GC heap before
{Heap before GC invocations=13 (full 0):
 garbage-first heap   total 316416K, used 183146K [0x0000000084a00000, 0x0000000100000000)
  region size 1024K, 15 young (15360K), 7 survivors (7168K)
 Metaspace       used 6575K, committed 6784K, reserved 1114112K
  class space    used 325K, committed 448K, reserved 1048576K
}
Event: 3.643 GC heap after
{Heap after GC invocations=14 (full 0):
 garbage-first heap   total 316416K, used 178646K [0x0000000084a00000, 0x0000000100000000)
  region size 1024K, 2 young (2048K), 2 survivors (2048K)
 Metaspace       used 6575K, committed 6784K, reserved 1114112K
  class space    used 325K, committed 448K, reserved 1048576K
}
Event: 19.264 GC heap before
{Heap before GC invocations=14 (full 0):
 garbage-first heap   total 316416K, used 217558K [0x0000000084a00000, 0x0000000100000000)
  region size 1024K, 41 young (41984K), 2 survivors (2048K)
 Metaspace       used 6953K, committed 7168K, reserved 1114112K
  class space    used 325K, committed 448K, reserved 1048576K
}
Event: 19.265 GC heap after
{Heap after GC invocations=15 (full 0):
 garbage-first heap   total 316416K, used 177664K [0x0000000084a00000, 0x0000000100000000)
  region size 1024K, 1 young (1024K), 1 survivors (1024K)
 Metaspace       used 6953K, committed 7168K, reserved 1114112K
  class space    used 325K, committed 448K, reserved 1048576K
}

