# JRE version: OpenJDK Runtime Environment Corretto-19.0.2.7.1 (19.0.2+7) (build 19.0.2+7-FR)
# Java VM: OpenJDK 64-Bit Server VM Corretto-19.0.2.7.1 (19.0.2+7-FR, mixed mode, sharing, tiered, compressed oops, compressed class ptrs, g1 gc, windows-amd64)
GC Precious Log:
 CardTable entry size: 512
 Card Set container configuration: InlinePtr #cards 4 size 8 Array Of Cards #cards 16 size 48 Howl #buckets 8 coarsen threshold 3686 Howl Bitmap #cards 512 size 80 coarsen threshold 460 Card regions per heap region 1 cards per card region 4096
 CPUs: 8 total, 8 available
 Memory: 16167M
 Large Page Support: Disabled
 NUMA Support: Disabled
 Compressed Oops: Enabled (Zero based)
 Heap Region Size: 2M
 Heap Min Capacity: 8M
 Heap Initial Capacity: 254M
 Heap Max Capacity: 4042M
 Pre-touch: Disabled
 Parallel Workers: 8
 Concurrent Workers: 2
 Concurrent Refinement Workers: 8
 Periodic GC: Disabled
Heap:
 garbage-first heap   total 403456K, used 210375K [0x0000000703600000, 0x0000000800000000)
  region size 2048K, 6 young (12288K), 1 survivors (2048K)
 Metaspace       used 6939K, committed 7168K, reserved 1114112K
  class space    used 325K, committed 448K, reserved 1048576K
GC Heap History (20 events):
Event: 0.762 GC heap before
{Heap before GC invocations=0 (full 0):
 garbage-first heap   total 260096K, used 20480K [0x0000000703600000, 0x0000000800000000)
  region size 2048K, 11 young (22528K), 0 survivors (0K)
 Metaspace       used 6214K, committed 6336K, reserved 1114112K
  class space    used 298K, committed 384K, reserved 1048576K
}
Event: 0.765 GC heap after
{Heap after GC invocations=1 (full 0):
 garbage-first heap   total 260096K, used 4249K [0x0000000703600000, 0x0000000800000000)
  region size 2048K, 2 young (4096K), 2 survivors (4096K)
 Metaspace       used 6214K, committed 6336K, reserved 1114112K
  class space    used 298K, committed 384K, reserved 1048576K
}
Event: 1.061 GC heap before
{Heap before GC invocations=1 (full 0):
 garbage-first heap   total 260096K, used 37017K [0x0000000703600000, 0x0000000800000000)
  region size 2048K, 19 young (38912K), 2 survivors (4096K)
 Metaspace       used 6285K, committed 6464K, reserved 1114112K
  class space    used 302K, committed 384K, reserved 1048576K
}
Event: 1.065 GC heap after
{Heap after GC invocations=2 (full 0):
 garbage-first heap   total 260096K, used 8096K [0x0000000703600000, 0x0000000800000000)
  region size 2048K, 3 young (6144K), 3 survivors (6144K)
 Metaspace       used 6285K, committed 6464K, reserved 1114112K
  class space    used 302K, committed 384K, reserved 1048576K
}
Event: 1.514 GC heap before
{Heap before GC invocations=2 (full 0):
 garbage-first heap   total 260096K, used 163744K [0x0000000703600000, 0x0000000800000000)
  region size 2048K, 45 young (92160K), 3 survivors (6144K)
 Metaspace       used 6533K, committed 6784K, reserved 1114112K
  class space    used 323K, committed 448K, reserved 1048576K
}
Event: 1.562 GC heap after
{Heap after GC invocations=3 (full 0):
 garbage-first heap   total 260096K, used 109341K [0x0000000703600000, 0x0000000800000000)
  region size 2048K, 6 young (12288K), 6 survivors (12288K)
 Metaspace       used 6533K, committed 6784K, reserved 1114112K
  class space    used 323K, committed 448K, reserved 1048576K
}
Event: 1.939 GC heap before
{Heap before GC invocations=3 (full 0):
 garbage-first heap   total 260096K, used 164637K [0x0000000703600000, 0x0000000800000000)
  region size 2048K, 27 young (55296K), 6 survivors (12288K)
 Metaspace       used 6552K, committed 6784K, reserved 1114112K
  class space    used 324K, committed 448K, reserved 1048576K
}
Event: 1.956 GC heap after
{Heap after GC invocations=4 (full 0):
 garbage-first heap   total 260096K, used 137216K [0x0000000703600000, 0x0000000800000000)
  region size 2048K, 4 young (8192K), 4 survivors (8192K)
 Metaspace       used 6552K, committed 6784K, reserved 1114112K
  class space    used 324K, committed 448K, reserved 1048576K
}
Event: 1.964 GC heap before
{Heap before GC invocations=4 (full 0):
 garbage-first heap   total 260096K, used 137216K [0x0000000703600000, 0x0000000800000000)
  region size 2048K, 6 young (12288K), 4 survivors (8192K)
 Metaspace       used 6552K, committed 6784K, reserved 1114112K
  class space    used 324K, committed 448K, reserved 1048576K
}
Event: 1.969 GC heap after
{Heap after GC invocations=5 (full 0):
 garbage-first heap   total 260096K, used 142442K [0x0000000703600000, 0x0000000800000000)
  region size 2048K, 2 young (4096K), 2 survivors (4096K)
 Metaspace       used 6552K, committed 6784K, reserved 1114112K
  class space    used 324K, committed 448K, reserved 1048576K
}
Event: 2.290 GC heap before
{Heap before GC invocations=6 (full 0):
 garbage-first heap   total 260096K, used 175210K [0x0000000703600000, 0x0000000800000000)
  region size 2048K, 20 young (40960K), 2 survivors (4096K)
 Metaspace       used 6565K, committed 6784K, reserved 1114112K
  class space    used 324K, committed 448K, reserved 1048576K
}
Event: 2.301 GC heap after
{Heap after GC invocations=7 (full 0):
 garbage-first heap   total 260096K, used 145824K [0x0000000703600000, 0x0000000800000000)
  region size 2048K, 3 young (6144K), 3 survivors (6144K)
 Metaspace       used 6565K, committed 6784K, reserved 1114112K
  class space    used 324K, committed 448K, reserved 1048576K
}
Event: 2.308 GC heap before
{Heap before GC invocations=7 (full 0):
 garbage-first heap   total 260096K, used 149920K [0x0000000703600000, 0x0000000800000000)
  region size 2048K, 6 young (12288K), 3 survivors (6144K)
 Metaspace       used 6565K, committed 6784K, reserved 1114112K
  class space    used 324K, committed 448K, reserved 1048576K
}
Event: 2.313 GC heap after
{Heap after GC invocations=8 (full 0):
 garbage-first heap   total 403456K, used 150576K [0x0000000703600000, 0x0000000800000000)
  region size 2048K, 1 young (2048K), 1 survivors (2048K)
 Metaspace       used 6565K, committed 6784K, reserved 1114112K
  class space    used 324K, committed 448K, reserved 1048576K
}
Event: 2.518 GC heap before
{Heap before GC invocations=8 (full 0):
 garbage-first heap   total 403456K, used 218160K [0x0000000703600000, 0x0000000800000000)
  region size 2048K, 21 young (43008K), 1 survivors (2048K)
 Metaspace       used 6568K, committed 6784K, reserved 1114112K
  class space    used 324K, committed 448K, reserved 1048576K
}
Event: 2.535 GC heap after
{Heap after GC invocations=9 (full 0):
 garbage-first heap   total 403456K, used 195479K [0x0000000703600000, 0x0000000800000000)
  region size 2048K, 5 young (10240K), 5 survivors (10240K)
 Metaspace       used 6568K, committed 6784K, reserved 1114112K
  class space    used 324K, committed 448K, reserved 1048576K
}
Event: 8.161 GC heap before
{Heap before GC invocations=10 (full 0):
 garbage-first heap   total 403456K, used 258967K [0x0000000703600000, 0x0000000800000000)
  region size 2048K, 35 young (71680K), 5 survivors (10240K)
 Metaspace       used 6853K, committed 7104K, reserved 1114112K
  class space    used 324K, committed 448K, reserved 1048576K
}
Event: 8.185 GC heap after
{Heap after GC invocations=11 (full 0):
 garbage-first heap   total 403456K, used 202614K [0x0000000703600000, 0x0000000800000000)
  region size 2048K, 5 young (10240K), 5 survivors (10240K)
 Metaspace       used 6853K, committed 7104K, reserved 1114112K
  class space    used 324K, committed 448K, reserved 1048576K
}
Event: 9.643 GC heap before
{Heap before GC invocations=11 (full 0):
 garbage-first heap   total 403456K, used 210806K [0x0000000703600000, 0x0000000800000000)
  region size 2048K, 9 young (18432K), 5 survivors (10240K)
 Metaspace       used 6904K, committed 7104K, reserved 1114112K
  class space    used 324K, committed 448K, reserved 1048576K
}
Event: 9.651 GC heap after
{Heap after GC invocations=12 (full 0):
 garbage-first heap   total 403456K, used 202183K [0x0000000703600000, 0x0000000800000000)
  region size 2048K, 1 young (2048K), 1 survivors (2048K)
 Metaspace       used 6904K, committed 7104K, reserved 1114112K
  class space    used 324K, committed 448K, reserved 1048576K
}

