# JRE version: OpenJDK Runtime Environment (19.0.2+7) (build 19.0.2+7-44)
# Java VM: OpenJDK 64-Bit Server VM (19.0.2+7-44, mixed mode, sharing, tiered, compressed oops, compressed class ptrs, g1 gc, windows-amd64)
GC Precious Log:
 CardTable entry size: 512
 Card Set container configuration: InlinePtr #cards 5 size 8 Array Of Cards #cards 12 size 40 Howl #buckets 4 coarsen threshold 1843 Howl Bitmap #cards 512 size 80 coarsen threshold 460 Card regions per heap region 1 cards per card region 2048
 CPUs: 8 total, 8 available
 Memory: 7893M
 Large Page Support: Disabled
 NUMA Support: Disabled
 Compressed Oops: Enabled (32-bit)
 Heap Region Size: 1M
 Heap Min Capacity: 8M
 Heap Initial Capacity: 124M
 Heap Max Capacity: 1974M
 Pre-touch: Disabled
 Parallel Workers: 8
 Concurrent Workers: 2
 Concurrent Refinement Workers: 8
 Periodic GC: Disabled
Heap:
 garbage-first heap   total 329728K, used 197598K [0x0000000084a00000, 0x0000000100000000)
  region size 1024K, 23 young (23552K), 1 survivors (1024K)
 Metaspace       used 7236K, committed 7488K, reserved 1114112K
  class space    used 326K, committed 448K, reserved 1048576K
GC Heap History (20 events):
Event: 1.978 GC heap before
{Heap before GC invocations=2 (full 0):
 garbage-first heap   total 126976K, used 105408K [0x0000000084a00000, 0x0000000100000000)
  region size 1024K, 58 young (59392K), 5 survivors (5120K)
 Metaspace       used 6516K, committed 6784K, reserved 1114112K
  class space    used 324K, committed 448K, reserved 1048576K
}
Event: 2.168 GC heap after
{Heap after GC invocations=3 (full 0):
 garbage-first heap   total 161792K, used 89248K [0x0000000084a00000, 0x0000000100000000)
  region size 1024K, 9 young (9216K), 9 survivors (9216K)
 Metaspace       used 6516K, committed 6784K, reserved 1114112K
  class space    used 324K, committed 448K, reserved 1048576K
}
Event: 2.513 GC heap before
{Heap before GC invocations=4 (full 0):
 garbage-first heap   total 161792K, used 114848K [0x0000000084a00000, 0x0000000100000000)
  region size 1024K, 31 young (31744K), 9 survivors (9216K)
 Metaspace       used 6518K, committed 6784K, reserved 1114112K
  class space    used 324K, committed 448K, reserved 1048576K
}
Event: 2.543 GC heap after
{Heap after GC invocations=5 (full 0):
 garbage-first heap   total 161792K, used 87040K [0x0000000084a00000, 0x0000000100000000)
  region size 1024K, 4 young (4096K), 4 survivors (4096K)
 Metaspace       used 6518K, committed 6784K, reserved 1114112K
  class space    used 324K, committed 448K, reserved 1048576K
}
Event: 2.599 GC heap before
{Heap before GC invocations=5 (full 0):
 garbage-first heap   total 161792K, used 95232K [0x0000000084a00000, 0x0000000100000000)
  region size 1024K, 7 young (7168K), 4 survivors (4096K)
 Metaspace       used 6518K, committed 6784K, reserved 1114112K
  class space    used 324K, committed 448K, reserved 1048576K
}
Event: 2.611 GC heap after
{Heap after GC invocations=6 (full 0):
 garbage-first heap   total 161792K, used 92160K [0x0000000084a00000, 0x0000000100000000)
  region size 1024K, 1 young (1024K), 1 survivors (1024K)
 Metaspace       used 6518K, committed 6784K, reserved 1114112K
  class space    used 324K, committed 448K, reserved 1048576K
}
Event: 2.741 GC heap before
{Heap before GC invocations=6 (full 0):
 garbage-first heap   total 161792K, used 100352K [0x0000000084a00000, 0x0000000100000000)
  region size 1024K, 11 young (11264K), 1 survivors (1024K)
 Metaspace       used 6520K, committed 6784K, reserved 1114112K
  class space    used 324K, committed 448K, reserved 1048576K
}
Event: 2.747 GC heap after
{Heap after GC invocations=7 (full 0):
 garbage-first heap   total 161792K, used 95744K [0x0000000084a00000, 0x0000000100000000)
  region size 1024K, 3 young (3072K), 3 survivors (3072K)
 Metaspace       used 6520K, committed 6784K, reserved 1114112K
  class space    used 324K, committed 448K, reserved 1048576K
}
Event: 3.231 GC heap before
{Heap before GC invocations=8 (full 0):
 garbage-first heap   total 168960K, used 122368K [0x0000000084a00000, 0x0000000100000000)
  region size 1024K, 24 young (24576K), 3 survivors (3072K)
 Metaspace       used 6540K, committed 6784K, reserved 1114112K
  class space    used 325K, committed 448K, reserved 1048576K
}
Event: 3.248 GC heap after
{Heap after GC invocations=9 (full 0):
 garbage-first heap   total 168960K, used 108375K [0x0000000084a00000, 0x0000000100000000)
  region size 1024K, 3 young (3072K), 3 survivors (3072K)
 Metaspace       used 6540K, committed 6784K, reserved 1114112K
  class space    used 325K, committed 448K, reserved 1048576K
}
Event: 3.320 GC heap before
{Heap before GC invocations=9 (full 0):
 garbage-first heap   total 168960K, used 118615K [0x0000000084a00000, 0x0000000100000000)
  region size 1024K, 8 young (8192K), 3 survivors (3072K)
 Metaspace       used 6542K, committed 6784K, reserved 1114112K
  class space    used 325K, committed 448K, reserved 1048576K
}
Event: 3.330 GC heap after
{Heap after GC invocations=10 (full 0):
 garbage-first heap   total 329728K, used 113152K [0x0000000084a00000, 0x0000000100000000)
  region size 1024K, 1 young (1024K), 1 survivors (1024K)
 Metaspace       used 6542K, committed 6784K, reserved 1114112K
  class space    used 325K, committed 448K, reserved 1048576K
}
Event: 3.627 GC heap before
{Heap before GC invocations=10 (full 0):
 garbage-first heap   total 329728K, used 196096K [0x0000000084a00000, 0x0000000100000000)
  region size 1024K, 49 young (50176K), 1 survivors (1024K)
 Metaspace       used 6544K, committed 6784K, reserved 1114112K
  class space    used 325K, committed 448K, reserved 1048576K
}
Event: 3.661 GC heap after
{Heap after GC invocations=11 (full 0):
 garbage-first heap   total 329728K, used 166228K [0x0000000084a00000, 0x0000000100000000)
  region size 1024K, 9 young (9216K), 9 survivors (9216K)
 Metaspace       used 6544K, committed 6784K, reserved 1114112K
  class space    used 325K, committed 448K, reserved 1048576K
}
Event: 7.330 GC heap before
{Heap before GC invocations=12 (full 0):
 garbage-first heap   total 329728K, used 219476K [0x0000000084a00000, 0x0000000100000000)
  region size 1024K, 56 young (57344K), 9 survivors (9216K)
 Metaspace       used 6701K, committed 6912K, reserved 1114112K
  class space    used 325K, committed 448K, reserved 1048576K
}
Event: 7.341 GC heap after
{Heap after GC invocations=13 (full 0):
 garbage-first heap   total 329728K, used 175104K [0x0000000084a00000, 0x0000000100000000)
  region size 1024K, 7 young (7168K), 7 survivors (7168K)
 Metaspace       used 6701K, committed 6912K, reserved 1114112K
  class space    used 325K, committed 448K, reserved 1048576K
}
Event: 11.518 GC heap before
{Heap before GC invocations=13 (full 0):
 garbage-first heap   total 329728K, used 184320K [0x0000000084a00000, 0x0000000100000000)
  region size 1024K, 16 young (16384K), 7 survivors (7168K)
 Metaspace       used 6883K, committed 7104K, reserved 1114112K
  class space    used 325K, committed 448K, reserved 1048576K
}
Event: 11.522 GC heap after
{Heap after GC invocations=14 (full 0):
 garbage-first heap   total 329728K, used 176676K [0x0000000084a00000, 0x0000000100000000)
  region size 1024K, 1 young (1024K), 1 survivors (1024K)
 Metaspace       used 6883K, committed 7104K, reserved 1114112K
  class space    used 325K, committed 448K, reserved 1048576K
}
Event: 21.699 GC heap before
{Heap before GC invocations=14 (full 0):
 garbage-first heap   total 329728K, used 224804K [0x0000000084a00000, 0x0000000100000000)
  region size 1024K, 48 young (49152K), 1 survivors (1024K)
 Metaspace       used 7230K, committed 7488K, reserved 1114112K
  class space    used 325K, committed 448K, reserved 1048576K
}
Event: 21.700 GC heap after
{Heap after GC invocations=15 (full 0):
 garbage-first heap   total 329728K, used 176094K [0x0000000084a00000, 0x0000000100000000)
  region size 1024K, 1 young (1024K), 1 survivors (1024K)
 Metaspace       used 7230K, committed 7488K, reserved 1114112K
  class space    used 325K, committed 448K, reserved 1048576K
}

